<?xml version="1.0" encoding="UTF-8"?>
<testsuite name="com.hangil.book.springboot.web.dto.HelloResponseDtoTest" tests="1" skipped="0" failures="0" errors="0" timestamp="2020-08-13T07:38:49" hostname="kwonhangil-ui-MacBookPro.local" time="0.052">
  <properties/>
  <testcase name="롬복_기능_테스트" classname="com.hangil.book.springboot.web.dto.HelloResponseDtoTest" time="0.052"/>
  <system-out><![CDATA[]]></system-out>
  <system-err><![CDATA[]]></system-err>
</testsuite>
