<?xml version="1.0" encoding="UTF-8"?>
<testsuite name="com.hangil.book.springboot.web.IndexControllerTest" tests="1" skipped="0" failures="0" errors="0" timestamp="2020-08-11T02:07:58" hostname="kwonhangil-ui-MacBookPro.local" time="0.164">
  <properties/>
  <testcase name="메인페이지_로딩" classname="com.hangil.book.springboot.web.IndexControllerTest" time="0.164"/>
  <system-out><![CDATA[11:07:54.598 [Test worker] DEBUG org.springframework.test.context.junit4.SpringJUnit4ClassRunner - SpringJUnit4ClassRunner constructor called with [class com.hangil.book.springboot.web.IndexControllerTest]
11:07:54.604 [Test worker] DEBUG org.springframework.test.context.BootstrapUtils - Instantiating CacheAwareContextLoaderDelegate from class [org.springframework.test.context.cache.DefaultCacheAwareContextLoaderDelegate]
11:07:54.610 [Test worker] DEBUG org.springframework.test.context.BootstrapUtils - Instantiating BootstrapContext using constructor [public org.springframework.test.context.support.DefaultBootstrapContext(java.lang.Class,org.springframework.test.context.CacheAwareContextLoaderDelegate)]
11:07:54.623 [Test worker] DEBUG org.springframework.test.context.BootstrapUtils - Instantiating TestContextBootstrapper for test class [com.hangil.book.springboot.web.IndexControllerTest] from class [org.springframework.boot.test.context.SpringBootTestContextBootstrapper]
11:07:54.631 [Test worker] INFO org.springframework.boot.test.context.SpringBootTestContextBootstrapper - Neither @ContextConfiguration nor @ContextHierarchy found for test class [com.hangil.book.springboot.web.IndexControllerTest], using SpringBootContextLoader
11:07:54.633 [Test worker] DEBUG org.springframework.test.context.support.AbstractContextLoader - Did not detect default resource location for test class [com.hangil.book.springboot.web.IndexControllerTest]: class path resource [com/hangil/book/springboot/web/IndexControllerTest-context.xml] does not exist
11:07:54.633 [Test worker] DEBUG org.springframework.test.context.support.AbstractContextLoader - Did not detect default resource location for test class [com.hangil.book.springboot.web.IndexControllerTest]: class path resource [com/hangil/book/springboot/web/IndexControllerTestContext.groovy] does not exist
11:07:54.633 [Test worker] INFO org.springframework.test.context.support.AbstractContextLoader - Could not detect default resource locations for test class [com.hangil.book.springboot.web.IndexControllerTest]: no resource found for suffixes {-context.xml, Context.groovy}.
11:07:54.634 [Test worker] INFO org.springframework.test.context.support.AnnotationConfigContextLoaderUtils - Could not detect default configuration classes for test class [com.hangil.book.springboot.web.IndexControllerTest]: IndexControllerTest does not declare any static, non-private, non-final, nested classes annotated with @Configuration.
11:07:54.659 [Test worker] DEBUG org.springframework.test.context.support.ActiveProfilesUtils - Could not find an 'annotation declaring class' for annotation type [org.springframework.test.context.ActiveProfiles] and class [com.hangil.book.springboot.web.IndexControllerTest]
11:07:54.734 [Test worker] DEBUG org.springframework.context.annotation.ClassPathScanningCandidateComponentProvider - Identified candidate component class: file [/Users/hangilkwon/instagram_clone/spring-Instagram/build/classes/java/main/com/hangil/book/springboot/Application.class]
11:07:54.735 [Test worker] INFO org.springframework.boot.test.context.SpringBootTestContextBootstrapper - Found @SpringBootConfiguration com.hangil.book.springboot.Application for test class com.hangil.book.springboot.web.IndexControllerTest
11:07:54.802 [Test worker] DEBUG org.springframework.boot.test.context.SpringBootTestContextBootstrapper - @TestExecutionListeners is not present for class [com.hangil.book.springboot.web.IndexControllerTest]: using defaults.
11:07:54.803 [Test worker] INFO org.springframework.boot.test.context.SpringBootTestContextBootstrapper - Loaded default TestExecutionListener class names from location [META-INF/spring.factories]: [org.springframework.boot.test.autoconfigure.restdocs.RestDocsTestExecutionListener, org.springframework.boot.test.autoconfigure.web.client.MockRestServiceServerResetTestExecutionListener, org.springframework.boot.test.autoconfigure.web.servlet.MockMvcPrintOnlyOnFailureTestExecutionListener, org.springframework.boot.test.autoconfigure.web.servlet.WebDriverTestExecutionListener, org.springframework.boot.test.mock.mockito.MockitoTestExecutionListener, org.springframework.boot.test.mock.mockito.ResetMocksTestExecutionListener, org.springframework.test.context.web.ServletTestExecutionListener, org.springframework.test.context.support.DirtiesContextBeforeModesTestExecutionListener, org.springframework.test.context.support.DependencyInjectionTestExecutionListener, org.springframework.test.context.support.DirtiesContextTestExecutionListener, org.springframework.test.context.transaction.TransactionalTestExecutionListener, org.springframework.test.context.jdbc.SqlScriptsTestExecutionListener]
11:07:54.814 [Test worker] INFO org.springframework.boot.test.context.SpringBootTestContextBootstrapper - Using TestExecutionListeners: [org.springframework.test.context.web.ServletTestExecutionListener@4283584, org.springframework.test.context.support.DirtiesContextBeforeModesTestExecutionListener@5a4b0a8d, org.springframework.boot.test.mock.mockito.MockitoTestExecutionListener@6462a44e, org.springframework.boot.test.autoconfigure.SpringBootDependencyInjectionTestExecutionListener@3bca5bab, org.springframework.test.context.support.DirtiesContextTestExecutionListener@7e8bcd43, org.springframework.test.context.transaction.TransactionalTestExecutionListener@7c16af7d, org.springframework.test.context.jdbc.SqlScriptsTestExecutionListener@da73465, org.springframework.boot.test.autoconfigure.restdocs.RestDocsTestExecutionListener@64d93179, org.springframework.boot.test.autoconfigure.web.client.MockRestServiceServerResetTestExecutionListener@44981974, org.springframework.boot.test.autoconfigure.web.servlet.MockMvcPrintOnlyOnFailureTestExecutionListener@d3c3bdd, org.springframework.boot.test.autoconfigure.web.servlet.WebDriverTestExecutionListener@398c3203, org.springframework.boot.test.mock.mockito.ResetMocksTestExecutionListener@14f39eb2]
11:07:54.816 [Test worker] DEBUG org.springframework.test.annotation.ProfileValueUtils - Retrieved @ProfileValueSourceConfiguration [null] for test class [com.hangil.book.springboot.web.IndexControllerTest]
11:07:54.816 [Test worker] DEBUG org.springframework.test.annotation.ProfileValueUtils - Retrieved ProfileValueSource type [class org.springframework.test.annotation.SystemProfileValueSource] for class [com.hangil.book.springboot.web.IndexControllerTest]
11:07:54.817 [Test worker] DEBUG org.springframework.test.annotation.ProfileValueUtils - Retrieved @ProfileValueSourceConfiguration [null] for test class [com.hangil.book.springboot.web.IndexControllerTest]
11:07:54.817 [Test worker] DEBUG org.springframework.test.annotation.ProfileValueUtils - Retrieved ProfileValueSource type [class org.springframework.test.annotation.SystemProfileValueSource] for class [com.hangil.book.springboot.web.IndexControllerTest]
11:07:54.818 [Test worker] DEBUG org.springframework.test.annotation.ProfileValueUtils - Retrieved @ProfileValueSourceConfiguration [null] for test class [com.hangil.book.springboot.web.IndexControllerTest]
11:07:54.818 [Test worker] DEBUG org.springframework.test.annotation.ProfileValueUtils - Retrieved ProfileValueSource type [class org.springframework.test.annotation.SystemProfileValueSource] for class [com.hangil.book.springboot.web.IndexControllerTest]
11:07:54.820 [Test worker] DEBUG org.springframework.test.context.support.AbstractDirtiesContextTestExecutionListener - Before test class: context [DefaultTestContext@1f848bc testClass = IndexControllerTest, testInstance = [null], testMethod = [null], testException = [null], mergedContextConfiguration = [WebMergedContextConfiguration@687441b1 testClass = IndexControllerTest, locations = '{}', classes = '{class com.hangil.book.springboot.Application}', contextInitializerClasses = '[]', activeProfiles = '{}', propertySourceLocations = '{}', propertySourceProperties = '{org.springframework.boot.test.context.SpringBootTestContextBootstrapper=true, server.port=0}', contextCustomizers = set[org.springframework.boot.test.autoconfigure.properties.PropertyMappingContextCustomizer@0, org.springframework.boot.test.autoconfigure.web.servlet.WebDriverContextCustomizerFactory$Customizer@1ec5d45, org.springframework.boot.test.context.filter.ExcludeFilterContextCustomizer@7f47c437, org.springframework.boot.test.json.DuplicateJsonObjectContextCustomizerFactory$DuplicateJsonObjectContextCustomizer@3b91fb91, org.springframework.boot.test.mock.mockito.MockitoContextCustomizer@0, org.springframework.boot.test.web.client.TestRestTemplateContextCustomizer@19d02a2d], resourceBasePath = 'src/main/webapp', contextLoader = 'org.springframework.boot.test.context.SpringBootContextLoader', parent = [null]], attributes = map['org.springframework.test.context.web.ServletTestExecutionListener.activateListener' -> false]], class annotated with @DirtiesContext [false] with mode [null].
11:07:54.821 [Test worker] DEBUG org.springframework.test.annotation.ProfileValueUtils - Retrieved @ProfileValueSourceConfiguration [null] for test class [com.hangil.book.springboot.web.IndexControllerTest]
11:07:54.821 [Test worker] DEBUG org.springframework.test.annotation.ProfileValueUtils - Retrieved ProfileValueSource type [class org.springframework.test.annotation.SystemProfileValueSource] for class [com.hangil.book.springboot.web.IndexControllerTest]
11:07:54.828 [Test worker] DEBUG org.springframework.test.context.support.DependencyInjectionTestExecutionListener - Performing dependency injection for test context [[DefaultTestContext@1f848bc testClass = IndexControllerTest, testInstance = com.hangil.book.springboot.web.IndexControllerTest@d31297b, testMethod = [null], testException = [null], mergedContextConfiguration = [WebMergedContextConfiguration@687441b1 testClass = IndexControllerTest, locations = '{}', classes = '{class com.hangil.book.springboot.Application}', contextInitializerClasses = '[]', activeProfiles = '{}', propertySourceLocations = '{}', propertySourceProperties = '{org.springframework.boot.test.context.SpringBootTestContextBootstrapper=true, server.port=0}', contextCustomizers = set[org.springframework.boot.test.autoconfigure.properties.PropertyMappingContextCustomizer@0, org.springframework.boot.test.autoconfigure.web.servlet.WebDriverContextCustomizerFactory$Customizer@1ec5d45, org.springframework.boot.test.context.filter.ExcludeFilterContextCustomizer@7f47c437, org.springframework.boot.test.json.DuplicateJsonObjectContextCustomizerFactory$DuplicateJsonObjectContextCustomizer@3b91fb91, org.springframework.boot.test.mock.mockito.MockitoContextCustomizer@0, org.springframework.boot.test.web.client.TestRestTemplateContextCustomizer@19d02a2d], resourceBasePath = 'src/main/webapp', contextLoader = 'org.springframework.boot.test.context.SpringBootContextLoader', parent = [null]], attributes = map['org.springframework.test.context.web.ServletTestExecutionListener.activateListener' -> false]]].
11:07:54.841 [Test worker] DEBUG org.springframework.test.context.support.TestPropertySourceUtils - Adding inlined properties to environment: {spring.jmx.enabled=false, org.springframework.boot.test.context.SpringBootTestContextBootstrapper=true, server.port=0}

  .   ____          _            __ _ _
 /\\ / ___'_ __ _ _(_)_ __  __ _ \ \ \ \
( ( )\___ | '_ | '_| | '_ \/ _` | \ \ \ \
 \\/  ___)| |_)| | | | | || (_| |  ) ) ) )
  '  |____| .__|_| |_|_| |_\__, | / / / /
 =========|_|==============|___/=/_/_/_/
 :: Spring Boot ::        (v2.1.7.RELEASE)

2020-08-11 11:07:55.125  INFO 69503 --- [    Test worker] c.h.b.s.web.IndexControllerTest          : Starting IndexControllerTest on kwonhangil-ui-MacBookPro.local with PID 69503 (started by kwonhangil in /Users/hangilkwon/instagram_clone/spring-Instagram)
2020-08-11 11:07:55.126  INFO 69503 --- [    Test worker] c.h.b.s.web.IndexControllerTest          : No active profile set, falling back to default profiles: default
2020-08-11 11:07:55.508  INFO 69503 --- [    Test worker] .s.d.r.c.RepositoryConfigurationDelegate : Bootstrapping Spring Data repositories in DEFAULT mode.
2020-08-11 11:07:55.569  INFO 69503 --- [    Test worker] .s.d.r.c.RepositoryConfigurationDelegate : Finished Spring Data repository scanning in 55ms. Found 1 repository interfaces.
2020-08-11 11:07:55.898  INFO 69503 --- [    Test worker] trationDelegate$BeanPostProcessorChecker : Bean 'org.springframework.transaction.annotation.ProxyTransactionManagementConfiguration' of type [org.springframework.transaction.annotation.ProxyTransactionManagementConfiguration$$EnhancerBySpringCGLIB$$37c0323a] is not eligible for getting processed by all BeanPostProcessors (for example: not eligible for auto-proxying)
2020-08-11 11:07:56.185  INFO 69503 --- [    Test worker] o.s.b.w.embedded.tomcat.TomcatWebServer  : Tomcat initialized with port(s): 0 (http)
2020-08-11 11:07:56.204  INFO 69503 --- [    Test worker] o.apache.catalina.core.StandardService   : Starting service [Tomcat]
2020-08-11 11:07:56.204  INFO 69503 --- [    Test worker] org.apache.catalina.core.StandardEngine  : Starting Servlet engine: [Apache Tomcat/9.0.22]
2020-08-11 11:07:56.282  INFO 69503 --- [    Test worker] o.a.c.c.C.[Tomcat].[localhost].[/]       : Initializing Spring embedded WebApplicationContext
2020-08-11 11:07:56.282  INFO 69503 --- [    Test worker] o.s.web.context.ContextLoader            : Root WebApplicationContext: initialization completed in 1145 ms
2020-08-11 11:07:56.457  INFO 69503 --- [    Test worker] com.zaxxer.hikari.HikariDataSource       : HikariPool-1 - Starting...
2020-08-11 11:07:56.584  INFO 69503 --- [    Test worker] com.zaxxer.hikari.HikariDataSource       : HikariPool-1 - Start completed.
2020-08-11 11:07:56.650  INFO 69503 --- [    Test worker] o.hibernate.jpa.internal.util.LogHelper  : HHH000204: Processing PersistenceUnitInfo [
	name: default
	...]
2020-08-11 11:07:56.702  INFO 69503 --- [    Test worker] org.hibernate.Version                    : HHH000412: Hibernate Core {5.3.10.Final}
2020-08-11 11:07:56.703  INFO 69503 --- [    Test worker] org.hibernate.cfg.Environment            : HHH000206: hibernate.properties not found
2020-08-11 11:07:56.822  INFO 69503 --- [    Test worker] o.hibernate.annotations.common.Version   : HCANN000001: Hibernate Commons Annotations {5.0.4.Final}
2020-08-11 11:07:56.943  INFO 69503 --- [    Test worker] org.hibernate.dialect.Dialect            : HHH000400: Using dialect: org.hibernate.dialect.MySQL5InnoDBDialect
Hibernate: drop table if exists posts
Hibernate: create table posts (id bigint not null auto_increment, create_date datetime, modified_date datetime, author varchar(255), content TEXT not null, title varchar(500) not null, primary key (id)) engine=InnoDB
2020-08-11 11:07:57.378  INFO 69503 --- [    Test worker] o.h.t.schema.internal.SchemaCreatorImpl  : HHH000476: Executing import script 'org.hibernate.tool.schema.internal.exec.ScriptSourceInputNonExistentImpl@49ab3307'
2020-08-11 11:07:57.380  INFO 69503 --- [    Test worker] j.LocalContainerEntityManagerFactoryBean : Initialized JPA EntityManagerFactory for persistence unit 'default'
2020-08-11 11:07:57.987  INFO 69503 --- [    Test worker] o.s.s.concurrent.ThreadPoolTaskExecutor  : Initializing ExecutorService 'applicationTaskExecutor'
2020-08-11 11:07:58.027  WARN 69503 --- [    Test worker] aWebConfiguration$JpaWebMvcConfiguration : spring.jpa.open-in-view is enabled by default. Therefore, database queries may be performed during view rendering. Explicitly configure spring.jpa.open-in-view to disable this warning
2020-08-11 11:07:58.065  INFO 69503 --- [    Test worker] o.s.b.a.w.s.WelcomePageHandlerMapping    : Adding welcome page template: index
2020-08-11 11:07:58.280  INFO 69503 --- [    Test worker] o.s.b.w.embedded.tomcat.TomcatWebServer  : Tomcat started on port(s): 55389 (http) with context path ''
2020-08-11 11:07:58.281  INFO 69503 --- [    Test worker] c.h.b.s.web.IndexControllerTest          : Started IndexControllerTest in 3.439 seconds (JVM running for 4.067)
2020-08-11 11:07:58.373  INFO 69503 --- [o-auto-1-exec-1] o.a.c.c.C.[Tomcat].[localhost].[/]       : Initializing Spring DispatcherServlet 'dispatcherServlet'
2020-08-11 11:07:58.373  INFO 69503 --- [o-auto-1-exec-1] o.s.web.servlet.DispatcherServlet        : Initializing Servlet 'dispatcherServlet'
2020-08-11 11:07:58.387  INFO 69503 --- [o-auto-1-exec-1] o.s.web.servlet.DispatcherServlet        : Completed initialization in 14 ms
]]></system-out>
  <system-err><![CDATA[]]></system-err>
</testsuite>
