<?xml version="1.0" encoding="UTF-8"?>
<testsuite name="com.hangil.book.springboot.domain.posts.PostsRepositoryTest" tests="2" skipped="0" failures="0" errors="0" timestamp="2020-08-13T07:38:57" hostname="kwonhangil-ui-MacBookPro.local" time="0.026">
  <properties/>
  <testcase name="게시글저장_불러오기" classname="com.hangil.book.springboot.domain.posts.PostsRepositoryTest" time="0.018"/>
  <testcase name="BaseTimeEntity_등록" classname="com.hangil.book.springboot.domain.posts.PostsRepositoryTest" time="0.008"/>
  <system-out><![CDATA[2020-08-13 16:38:55.950  INFO 7576 --- [    Test worker] .b.t.c.SpringBootTestContextBootstrapper : Neither @ContextConfiguration nor @ContextHierarchy found for test class [com.hangil.book.springboot.domain.posts.PostsRepositoryTest], using SpringBootContextLoader
2020-08-13 16:38:55.951  INFO 7576 --- [    Test worker] o.s.t.c.support.AbstractContextLoader    : Could not detect default resource locations for test class [com.hangil.book.springboot.domain.posts.PostsRepositoryTest]: no resource found for suffixes {-context.xml, Context.groovy}.
2020-08-13 16:38:55.951  INFO 7576 --- [    Test worker] t.c.s.AnnotationConfigContextLoaderUtils : Could not detect default configuration classes for test class [com.hangil.book.springboot.domain.posts.PostsRepositoryTest]: PostsRepositoryTest does not declare any static, non-private, non-final, nested classes annotated with @Configuration.
2020-08-13 16:38:55.957  INFO 7576 --- [    Test worker] .b.t.c.SpringBootTestContextBootstrapper : Found @SpringBootConfiguration com.hangil.book.springboot.Application for test class com.hangil.book.springboot.domain.posts.PostsRepositoryTest
2020-08-13 16:38:55.958  INFO 7576 --- [    Test worker] .b.t.c.SpringBootTestContextBootstrapper : Loaded default TestExecutionListener class names from location [META-INF/spring.factories]: [org.springframework.security.test.context.support.WithSecurityContextTestExecutionListener, org.springframework.security.test.context.support.ReactorContextTestExecutionListener, org.springframework.boot.test.autoconfigure.restdocs.RestDocsTestExecutionListener, org.springframework.boot.test.autoconfigure.web.client.MockRestServiceServerResetTestExecutionListener, org.springframework.boot.test.autoconfigure.web.servlet.MockMvcPrintOnlyOnFailureTestExecutionListener, org.springframework.boot.test.autoconfigure.web.servlet.WebDriverTestExecutionListener, org.springframework.boot.test.mock.mockito.MockitoTestExecutionListener, org.springframework.boot.test.mock.mockito.ResetMocksTestExecutionListener, org.springframework.test.context.web.ServletTestExecutionListener, org.springframework.test.context.support.DirtiesContextBeforeModesTestExecutionListener, org.springframework.test.context.support.DependencyInjectionTestExecutionListener, org.springframework.test.context.support.DirtiesContextTestExecutionListener, org.springframework.test.context.transaction.TransactionalTestExecutionListener, org.springframework.test.context.jdbc.SqlScriptsTestExecutionListener]
2020-08-13 16:38:55.958  INFO 7576 --- [    Test worker] .b.t.c.SpringBootTestContextBootstrapper : Using TestExecutionListeners: [org.springframework.test.context.web.ServletTestExecutionListener@2b04981, org.springframework.test.context.support.DirtiesContextBeforeModesTestExecutionListener@7852f77b, org.springframework.boot.test.mock.mockito.MockitoTestExecutionListener@40254d35, org.springframework.boot.test.autoconfigure.SpringBootDependencyInjectionTestExecutionListener@270179c3, org.springframework.test.context.support.DirtiesContextTestExecutionListener@27fdd0e3, org.springframework.test.context.transaction.TransactionalTestExecutionListener@48fb0248, org.springframework.test.context.jdbc.SqlScriptsTestExecutionListener@22dda287, org.springframework.security.test.context.support.WithSecurityContextTestExecutionListener@ebe087e, org.springframework.security.test.context.support.ReactorContextTestExecutionListener@478dab82, org.springframework.boot.test.autoconfigure.restdocs.RestDocsTestExecutionListener@57f41879, org.springframework.boot.test.autoconfigure.web.client.MockRestServiceServerResetTestExecutionListener@18f2419a, org.springframework.boot.test.autoconfigure.web.servlet.MockMvcPrintOnlyOnFailureTestExecutionListener@66715702, org.springframework.boot.test.autoconfigure.web.servlet.WebDriverTestExecutionListener@4c0a21f5, org.springframework.boot.test.mock.mockito.ResetMocksTestExecutionListener@3bcacfdd]

  .   ____          _            __ _ _
 /\\ / ___'_ __ _ _(_)_ __  __ _ \ \ \ \
( ( )\___ | '_ | '_| | '_ \/ _` | \ \ \ \
 \\/  ___)| |_)| | | | | || (_| |  ) ) ) )
  '  |____| .__|_| |_|_| |_\__, | / / / /
 =========|_|==============|___/=/_/_/_/
 :: Spring Boot ::        (v2.1.7.RELEASE)

2020-08-13 16:38:55.974  INFO 7576 --- [    Test worker] c.h.b.s.d.posts.PostsRepositoryTest      : Starting PostsRepositoryTest on kwonhangil-ui-MacBookPro.local with PID 7576 (started by kwonhangil in /Users/hangilkwon/instagram_clone/spring-Instagram)
2020-08-13 16:38:55.975  INFO 7576 --- [    Test worker] c.h.b.s.d.posts.PostsRepositoryTest      : No active profile set, falling back to default profiles: default
2020-08-13 16:38:56.130  INFO 7576 --- [    Test worker] .s.d.r.c.RepositoryConfigurationDelegate : Bootstrapping Spring Data repositories in DEFAULT mode.
2020-08-13 16:38:56.141  INFO 7576 --- [    Test worker] .s.d.r.c.RepositoryConfigurationDelegate : Finished Spring Data repository scanning in 11ms. Found 2 repository interfaces.
2020-08-13 16:38:56.222  INFO 7576 --- [    Test worker] trationDelegate$BeanPostProcessorChecker : Bean 'org.springframework.transaction.annotation.ProxyTransactionManagementConfiguration' of type [org.springframework.transaction.annotation.ProxyTransactionManagementConfiguration$$EnhancerBySpringCGLIB$$3a8dd346] is not eligible for getting processed by all BeanPostProcessors (for example: not eligible for auto-proxying)
2020-08-13 16:38:56.288  INFO 7576 --- [    Test worker] com.zaxxer.hikari.HikariDataSource       : HikariPool-2 - Starting...
2020-08-13 16:38:56.289  INFO 7576 --- [    Test worker] com.zaxxer.hikari.HikariDataSource       : HikariPool-2 - Start completed.
2020-08-13 16:38:56.305  INFO 7576 --- [    Test worker] o.hibernate.jpa.internal.util.LogHelper  : HHH000204: Processing PersistenceUnitInfo [
	name: default
	...]
2020-08-13 16:38:56.309  INFO 7576 --- [    Test worker] org.hibernate.dialect.Dialect            : HHH000400: Using dialect: org.hibernate.dialect.MySQL5InnoDBDialect
Hibernate: drop table if exists posts
Hibernate: drop table if exists user
Hibernate: create table posts (id bigint not null auto_increment, created_date datetime, modified_date datetime, author varchar(255), content TEXT not null, title varchar(500) not null, primary key (id)) engine=InnoDB
Hibernate: create table user (id bigint not null auto_increment, created_date datetime, modified_date datetime, email varchar(255) not null, name varchar(255) not null, picture varchar(255), role varchar(255) not null, primary key (id)) engine=InnoDB
2020-08-13 16:38:56.345  INFO 7576 --- [    Test worker] o.h.t.schema.internal.SchemaCreatorImpl  : HHH000476: Executing import script 'org.hibernate.tool.schema.internal.exec.ScriptSourceInputNonExistentImpl@476f7b70'
2020-08-13 16:38:56.345  INFO 7576 --- [    Test worker] j.LocalContainerEntityManagerFactoryBean : Initialized JPA EntityManagerFactory for persistence unit 'default'
2020-08-13 16:38:56.486  INFO 7576 --- [    Test worker] o.h.h.i.QueryTranslatorFactoryInitiator  : HHH000397: Using ASTQueryTranslatorFactory
2020-08-13 16:38:56.593  INFO 7576 --- [    Test worker] o.s.s.web.DefaultSecurityFilterChain     : Creating filter chain: any request, [org.springframework.security.web.context.request.async.WebAsyncManagerIntegrationFilter@58935efa, org.springframework.security.web.context.SecurityContextPersistenceFilter@76674f3f, org.springframework.security.web.header.HeaderWriterFilter@7cc775f9, org.springframework.security.web.authentication.logout.LogoutFilter@f2176f, org.springframework.security.oauth2.client.web.OAuth2AuthorizationRequestRedirectFilter@726ea89b, org.springframework.security.oauth2.client.web.OAuth2LoginAuthenticationFilter@15726fe1, org.springframework.security.web.authentication.ui.DefaultLoginPageGeneratingFilter@4c20b763, org.springframework.security.web.authentication.ui.DefaultLogoutPageGeneratingFilter@7f1811ef, org.springframework.security.web.savedrequest.RequestCacheAwareFilter@7c41951a, org.springframework.security.web.servletapi.SecurityContextHolderAwareRequestFilter@3bee4fd6, org.springframework.security.web.authentication.AnonymousAuthenticationFilter@78b554e7, org.springframework.security.web.session.SessionManagementFilter@3e09261e, org.springframework.security.web.access.ExceptionTranslationFilter@49a86081, org.springframework.security.web.access.intercept.FilterSecurityInterceptor@7fab00ff]
2020-08-13 16:38:56.790  INFO 7576 --- [    Test worker] o.s.s.concurrent.ThreadPoolTaskExecutor  : Initializing ExecutorService 'applicationTaskExecutor'
2020-08-13 16:38:56.800  WARN 7576 --- [    Test worker] aWebConfiguration$JpaWebMvcConfiguration : spring.jpa.open-in-view is enabled by default. Therefore, database queries may be performed during view rendering. Explicitly configure spring.jpa.open-in-view to disable this warning
2020-08-13 16:38:56.816  INFO 7576 --- [    Test worker] o.s.b.a.w.s.WelcomePageHandlerMapping    : Adding welcome page template: index
2020-08-13 16:38:57.090  INFO 7576 --- [    Test worker] s.a.ScheduledAnnotationBeanPostProcessor : No TaskScheduler/ScheduledExecutorService bean found for scheduled processing
2020-08-13 16:38:57.092  INFO 7576 --- [    Test worker] c.h.b.s.d.posts.PostsRepositoryTest      : Started PostsRepositoryTest in 1.132 seconds (JVM running for 8.408)
Hibernate: insert into posts (created_date, modified_date, author, content, title) values (?, ?, ?, ?, ?)
Hibernate: select posts0_.id as id1_0_, posts0_.created_date as created_2_0_, posts0_.modified_date as modified3_0_, posts0_.author as author4_0_, posts0_.content as content5_0_, posts0_.title as title6_0_ from posts posts0_
Hibernate: select posts0_.id as id1_0_, posts0_.created_date as created_2_0_, posts0_.modified_date as modified3_0_, posts0_.author as author4_0_, posts0_.content as content5_0_, posts0_.title as title6_0_ from posts posts0_
Hibernate: delete from posts where id=?
Hibernate: insert into posts (created_date, modified_date, author, content, title) values (?, ?, ?, ?, ?)
Hibernate: select posts0_.id as id1_0_, posts0_.created_date as created_2_0_, posts0_.modified_date as modified3_0_, posts0_.author as author4_0_, posts0_.content as content5_0_, posts0_.title as title6_0_ from posts posts0_
>>>>>>>>>>> createDate=2020-08-13T16:38:57.115617,modifiedDate=2020-08-13T16:38:57.115617
Hibernate: select posts0_.id as id1_0_, posts0_.created_date as created_2_0_, posts0_.modified_date as modified3_0_, posts0_.author as author4_0_, posts0_.content as content5_0_, posts0_.title as title6_0_ from posts posts0_
Hibernate: delete from posts where id=?
]]></system-out>
  <system-err><![CDATA[]]></system-err>
</testsuite>
