<?xml version="1.0" encoding="UTF-8"?>
<testsuite name="com.hangil.book.springboot.web.HelloControllerTest" tests="2" skipped="0" failures="0" errors="0" timestamp="2020-08-13T07:38:51" hostname="kwonhangil-ui-MacBookPro.local" time="0.425">
  <properties/>
  <testcase name="hello가_리턴된다" classname="com.hangil.book.springboot.web.HelloControllerTest" time="0.371"/>
  <testcase name="helloDto가_리턴된다" classname="com.hangil.book.springboot.web.HelloControllerTest" time="0.054"/>
  <system-out><![CDATA[16:38:49.240 [Test worker] DEBUG org.springframework.test.context.junit4.SpringJUnit4ClassRunner - SpringJUnit4ClassRunner constructor called with [class com.hangil.book.springboot.web.HelloControllerTest]
16:38:49.245 [Test worker] DEBUG org.springframework.test.context.BootstrapUtils - Instantiating CacheAwareContextLoaderDelegate from class [org.springframework.test.context.cache.DefaultCacheAwareContextLoaderDelegate]
16:38:49.255 [Test worker] DEBUG org.springframework.test.context.BootstrapUtils - Instantiating BootstrapContext using constructor [public org.springframework.test.context.support.DefaultBootstrapContext(java.lang.Class,org.springframework.test.context.CacheAwareContextLoaderDelegate)]
16:38:49.271 [Test worker] DEBUG org.springframework.test.context.BootstrapUtils - Instantiating TestContextBootstrapper for test class [com.hangil.book.springboot.web.HelloControllerTest] from class [org.springframework.boot.test.autoconfigure.web.servlet.WebMvcTestContextBootstrapper]
16:38:49.287 [Test worker] INFO org.springframework.boot.test.autoconfigure.web.servlet.WebMvcTestContextBootstrapper - Neither @ContextConfiguration nor @ContextHierarchy found for test class [com.hangil.book.springboot.web.HelloControllerTest], using SpringBootContextLoader
16:38:49.290 [Test worker] DEBUG org.springframework.test.context.support.AbstractContextLoader - Did not detect default resource location for test class [com.hangil.book.springboot.web.HelloControllerTest]: class path resource [com/hangil/book/springboot/web/HelloControllerTest-context.xml] does not exist
16:38:49.290 [Test worker] DEBUG org.springframework.test.context.support.AbstractContextLoader - Did not detect default resource location for test class [com.hangil.book.springboot.web.HelloControllerTest]: class path resource [com/hangil/book/springboot/web/HelloControllerTestContext.groovy] does not exist
16:38:49.291 [Test worker] INFO org.springframework.test.context.support.AbstractContextLoader - Could not detect default resource locations for test class [com.hangil.book.springboot.web.HelloControllerTest]: no resource found for suffixes {-context.xml, Context.groovy}.
16:38:49.291 [Test worker] INFO org.springframework.test.context.support.AnnotationConfigContextLoaderUtils - Could not detect default configuration classes for test class [com.hangil.book.springboot.web.HelloControllerTest]: HelloControllerTest does not declare any static, non-private, non-final, nested classes annotated with @Configuration.
16:38:49.349 [Test worker] DEBUG org.springframework.test.context.support.ActiveProfilesUtils - Could not find an 'annotation declaring class' for annotation type [org.springframework.test.context.ActiveProfiles] and class [com.hangil.book.springboot.web.HelloControllerTest]
16:38:49.406 [Test worker] DEBUG org.springframework.context.annotation.ClassPathScanningCandidateComponentProvider - Identified candidate component class: file [/Users/hangilkwon/instagram_clone/spring-Instagram/build/classes/java/main/com/hangil/book/springboot/Application.class]
16:38:49.406 [Test worker] INFO org.springframework.boot.test.context.SpringBootTestContextBootstrapper - Found @SpringBootConfiguration com.hangil.book.springboot.Application for test class com.hangil.book.springboot.web.HelloControllerTest
16:38:49.408 [Test worker] DEBUG org.springframework.boot.test.autoconfigure.web.servlet.WebMvcTestContextBootstrapper - @TestExecutionListeners is not present for class [com.hangil.book.springboot.web.HelloControllerTest]: using defaults.
16:38:49.408 [Test worker] INFO org.springframework.boot.test.autoconfigure.web.servlet.WebMvcTestContextBootstrapper - Loaded default TestExecutionListener class names from location [META-INF/spring.factories]: [org.springframework.security.test.context.support.WithSecurityContextTestExecutionListener, org.springframework.security.test.context.support.ReactorContextTestExecutionListener, org.springframework.boot.test.autoconfigure.restdocs.RestDocsTestExecutionListener, org.springframework.boot.test.autoconfigure.web.client.MockRestServiceServerResetTestExecutionListener, org.springframework.boot.test.autoconfigure.web.servlet.MockMvcPrintOnlyOnFailureTestExecutionListener, org.springframework.boot.test.autoconfigure.web.servlet.WebDriverTestExecutionListener, org.springframework.boot.test.mock.mockito.MockitoTestExecutionListener, org.springframework.boot.test.mock.mockito.ResetMocksTestExecutionListener, org.springframework.test.context.web.ServletTestExecutionListener, org.springframework.test.context.support.DirtiesContextBeforeModesTestExecutionListener, org.springframework.test.context.support.DependencyInjectionTestExecutionListener, org.springframework.test.context.support.DirtiesContextTestExecutionListener, org.springframework.test.context.transaction.TransactionalTestExecutionListener, org.springframework.test.context.jdbc.SqlScriptsTestExecutionListener]
16:38:49.423 [Test worker] INFO org.springframework.boot.test.autoconfigure.web.servlet.WebMvcTestContextBootstrapper - Using TestExecutionListeners: [org.springframework.test.context.web.ServletTestExecutionListener@55c317f1, org.springframework.test.context.support.DirtiesContextBeforeModesTestExecutionListener@5acda718, org.springframework.boot.test.mock.mockito.MockitoTestExecutionListener@5b9ec67c, org.springframework.boot.test.autoconfigure.SpringBootDependencyInjectionTestExecutionListener@699a944e, org.springframework.test.context.support.DirtiesContextTestExecutionListener@242b6a13, org.springframework.test.context.transaction.TransactionalTestExecutionListener@1369fce9, org.springframework.test.context.jdbc.SqlScriptsTestExecutionListener@3ee965de, org.springframework.security.test.context.support.WithSecurityContextTestExecutionListener@3ecaea9, org.springframework.security.test.context.support.ReactorContextTestExecutionListener@7ce83735, org.springframework.boot.test.autoconfigure.restdocs.RestDocsTestExecutionListener@20ba12f5, org.springframework.boot.test.autoconfigure.web.client.MockRestServiceServerResetTestExecutionListener@558844a9, org.springframework.boot.test.autoconfigure.web.servlet.MockMvcPrintOnlyOnFailureTestExecutionListener@33f72157, org.springframework.boot.test.autoconfigure.web.servlet.WebDriverTestExecutionListener@e1be983, org.springframework.boot.test.mock.mockito.ResetMocksTestExecutionListener@7ec66f0f]
16:38:49.424 [Test worker] DEBUG org.springframework.test.annotation.ProfileValueUtils - Retrieved @ProfileValueSourceConfiguration [null] for test class [com.hangil.book.springboot.web.HelloControllerTest]
16:38:49.425 [Test worker] DEBUG org.springframework.test.annotation.ProfileValueUtils - Retrieved ProfileValueSource type [class org.springframework.test.annotation.SystemProfileValueSource] for class [com.hangil.book.springboot.web.HelloControllerTest]
16:38:49.425 [Test worker] DEBUG org.springframework.test.annotation.ProfileValueUtils - Retrieved @ProfileValueSourceConfiguration [null] for test class [com.hangil.book.springboot.web.HelloControllerTest]
16:38:49.425 [Test worker] DEBUG org.springframework.test.annotation.ProfileValueUtils - Retrieved ProfileValueSource type [class org.springframework.test.annotation.SystemProfileValueSource] for class [com.hangil.book.springboot.web.HelloControllerTest]
16:38:49.429 [Test worker] DEBUG org.springframework.test.context.support.AbstractDirtiesContextTestExecutionListener - Before test class: context [DefaultTestContext@7b8d6ee0 testClass = HelloControllerTest, testInstance = [null], testMethod = [null], testException = [null], mergedContextConfiguration = [WebMergedContextConfiguration@49e5332f testClass = HelloControllerTest, locations = '{}', classes = '{class com.hangil.book.springboot.Application}', contextInitializerClasses = '[]', activeProfiles = '{}', propertySourceLocations = '{}', propertySourceProperties = '{org.springframework.boot.test.autoconfigure.web.servlet.WebMvcTestContextBootstrapper=true}', contextCustomizers = set[org.springframework.boot.test.autoconfigure.OverrideAutoConfigurationContextCustomizerFactory$DisableAutoConfigurationContextCustomizer@6f552ea1, org.springframework.boot.test.autoconfigure.filter.TypeExcludeFiltersContextCustomizer@a11fff72, org.springframework.boot.test.autoconfigure.properties.PropertyMappingContextCustomizer@a0e299b5, org.springframework.boot.test.autoconfigure.web.servlet.WebDriverContextCustomizerFactory$Customizer@498c781d, [ImportsContextCustomizer@7e92b481 key = [org.springframework.boot.autoconfigure.cache.CacheAutoConfiguration, org.springframework.boot.autoconfigure.context.MessageSourceAutoConfiguration, org.springframework.boot.autoconfigure.data.web.SpringDataWebAutoConfiguration, org.springframework.boot.autoconfigure.freemarker.FreeMarkerAutoConfiguration, org.springframework.boot.autoconfigure.groovy.template.GroovyTemplateAutoConfiguration, org.springframework.boot.autoconfigure.gson.GsonAutoConfiguration, org.springframework.boot.autoconfigure.hateoas.HypermediaAutoConfiguration, org.springframework.boot.autoconfigure.http.HttpMessageConvertersAutoConfiguration, org.springframework.boot.autoconfigure.jackson.JacksonAutoConfiguration, org.springframework.boot.autoconfigure.jsonb.JsonbAutoConfiguration, org.springframework.boot.autoconfigure.mustache.MustacheAutoConfiguration, org.springframework.boot.autoconfigure.task.TaskExecutionAutoConfiguration, org.springframework.boot.autoconfigure.thymeleaf.ThymeleafAutoConfiguration, org.springframework.boot.autoconfigure.validation.ValidationAutoConfiguration, org.springframework.boot.autoconfigure.web.servlet.error.ErrorMvcAutoConfiguration, org.springframework.boot.autoconfigure.web.servlet.WebMvcAutoConfiguration, org.springframework.boot.test.autoconfigure.web.servlet.MockMvcAutoConfiguration, org.springframework.boot.test.autoconfigure.web.servlet.MockMvcSecurityAutoConfiguration, org.springframework.boot.test.autoconfigure.web.servlet.MockMvcWebClientAutoConfiguration, org.springframework.boot.test.autoconfigure.web.servlet.MockMvcWebDriverAutoConfiguration]], org.springframework.boot.test.context.filter.ExcludeFilterContextCustomizer@641418fd, org.springframework.boot.test.json.DuplicateJsonObjectContextCustomizerFactory$DuplicateJsonObjectContextCustomizer@7eb48d52, org.springframework.boot.test.mock.mockito.MockitoContextCustomizer@0], resourceBasePath = 'src/main/webapp', contextLoader = 'org.springframework.boot.test.context.SpringBootContextLoader', parent = [null]], attributes = map[[empty]]], class annotated with @DirtiesContext [false] with mode [null].
16:38:49.429 [Test worker] DEBUG org.springframework.test.annotation.ProfileValueUtils - Retrieved @ProfileValueSourceConfiguration [null] for test class [com.hangil.book.springboot.web.HelloControllerTest]
16:38:49.429 [Test worker] DEBUG org.springframework.test.annotation.ProfileValueUtils - Retrieved ProfileValueSource type [class org.springframework.test.annotation.SystemProfileValueSource] for class [com.hangil.book.springboot.web.HelloControllerTest]
16:38:49.433 [Test worker] DEBUG org.springframework.test.context.support.DependencyInjectionTestExecutionListener - Performing dependency injection for test context [[DefaultTestContext@7b8d6ee0 testClass = HelloControllerTest, testInstance = com.hangil.book.springboot.web.HelloControllerTest@671aa3b2, testMethod = [null], testException = [null], mergedContextConfiguration = [WebMergedContextConfiguration@49e5332f testClass = HelloControllerTest, locations = '{}', classes = '{class com.hangil.book.springboot.Application}', contextInitializerClasses = '[]', activeProfiles = '{}', propertySourceLocations = '{}', propertySourceProperties = '{org.springframework.boot.test.autoconfigure.web.servlet.WebMvcTestContextBootstrapper=true}', contextCustomizers = set[org.springframework.boot.test.autoconfigure.OverrideAutoConfigurationContextCustomizerFactory$DisableAutoConfigurationContextCustomizer@6f552ea1, org.springframework.boot.test.autoconfigure.filter.TypeExcludeFiltersContextCustomizer@a11fff72, org.springframework.boot.test.autoconfigure.properties.PropertyMappingContextCustomizer@a0e299b5, org.springframework.boot.test.autoconfigure.web.servlet.WebDriverContextCustomizerFactory$Customizer@498c781d, [ImportsContextCustomizer@7e92b481 key = [org.springframework.boot.autoconfigure.cache.CacheAutoConfiguration, org.springframework.boot.autoconfigure.context.MessageSourceAutoConfiguration, org.springframework.boot.autoconfigure.data.web.SpringDataWebAutoConfiguration, org.springframework.boot.autoconfigure.freemarker.FreeMarkerAutoConfiguration, org.springframework.boot.autoconfigure.groovy.template.GroovyTemplateAutoConfiguration, org.springframework.boot.autoconfigure.gson.GsonAutoConfiguration, org.springframework.boot.autoconfigure.hateoas.HypermediaAutoConfiguration, org.springframework.boot.autoconfigure.http.HttpMessageConvertersAutoConfiguration, org.springframework.boot.autoconfigure.jackson.JacksonAutoConfiguration, org.springframework.boot.autoconfigure.jsonb.JsonbAutoConfiguration, org.springframework.boot.autoconfigure.mustache.MustacheAutoConfiguration, org.springframework.boot.autoconfigure.task.TaskExecutionAutoConfiguration, org.springframework.boot.autoconfigure.thymeleaf.ThymeleafAutoConfiguration, org.springframework.boot.autoconfigure.validation.ValidationAutoConfiguration, org.springframework.boot.autoconfigure.web.servlet.error.ErrorMvcAutoConfiguration, org.springframework.boot.autoconfigure.web.servlet.WebMvcAutoConfiguration, org.springframework.boot.test.autoconfigure.web.servlet.MockMvcAutoConfiguration, org.springframework.boot.test.autoconfigure.web.servlet.MockMvcSecurityAutoConfiguration, org.springframework.boot.test.autoconfigure.web.servlet.MockMvcWebClientAutoConfiguration, org.springframework.boot.test.autoconfigure.web.servlet.MockMvcWebDriverAutoConfiguration]], org.springframework.boot.test.context.filter.ExcludeFilterContextCustomizer@641418fd, org.springframework.boot.test.json.DuplicateJsonObjectContextCustomizerFactory$DuplicateJsonObjectContextCustomizer@7eb48d52, org.springframework.boot.test.mock.mockito.MockitoContextCustomizer@0], resourceBasePath = 'src/main/webapp', contextLoader = 'org.springframework.boot.test.context.SpringBootContextLoader', parent = [null]], attributes = map[[empty]]]].
16:38:49.518 [Test worker] DEBUG org.springframework.test.context.support.TestPropertySourceUtils - Adding inlined properties to environment: {spring.jmx.enabled=false, org.springframework.boot.test.autoconfigure.web.servlet.WebMvcTestContextBootstrapper=true, server.port=-1}

  .   ____          _            __ _ _
 /\\ / ___'_ __ _ _(_)_ __  __ _ \ \ \ \
( ( )\___ | '_ | '_| | '_ \/ _` | \ \ \ \
 \\/  ___)| |_)| | | | | || (_| |  ) ) ) )
  '  |____| .__|_| |_|_| |_\__, | / / / /
 =========|_|==============|___/=/_/_/_/
 :: Spring Boot ::        (v2.1.7.RELEASE)

2020-08-13 16:38:49.748  INFO 7576 --- [    Test worker] c.h.b.s.web.HelloControllerTest          : Starting HelloControllerTest on kwonhangil-ui-MacBookPro.local with PID 7576 (started by kwonhangil in /Users/hangilkwon/instagram_clone/spring-Instagram)
2020-08-13 16:38:49.750  INFO 7576 --- [    Test worker] c.h.b.s.web.HelloControllerTest          : No active profile set, falling back to default profiles: default
2020-08-13 16:38:50.939  INFO 7576 --- [    Test worker] o.s.s.concurrent.ThreadPoolTaskExecutor  : Initializing ExecutorService 'applicationTaskExecutor'
2020-08-13 16:38:51.021  INFO 7576 --- [    Test worker] o.s.b.a.w.s.WelcomePageHandlerMapping    : Adding welcome page template: index
2020-08-13 16:38:51.299  INFO 7576 --- [    Test worker] .s.s.UserDetailsServiceAutoConfiguration : 

Using generated security password: c4b5ee28-4c66-4ce3-832a-42c18ab98c86

2020-08-13 16:38:51.453  INFO 7576 --- [    Test worker] o.s.s.web.DefaultSecurityFilterChain     : Creating filter chain: any request, [org.springframework.security.web.context.request.async.WebAsyncManagerIntegrationFilter@1d6c722d, org.springframework.security.web.context.SecurityContextPersistenceFilter@68c0d46d, org.springframework.security.web.header.HeaderWriterFilter@4b38f33e, org.springframework.security.web.csrf.CsrfFilter@aba161e, org.springframework.security.web.authentication.logout.LogoutFilter@190e88bf, org.springframework.security.web.authentication.UsernamePasswordAuthenticationFilter@1b0474bf, org.springframework.security.web.authentication.ui.DefaultLoginPageGeneratingFilter@5de2da54, org.springframework.security.web.authentication.ui.DefaultLogoutPageGeneratingFilter@37610869, org.springframework.security.web.authentication.www.BasicAuthenticationFilter@17e63d9a, org.springframework.security.web.savedrequest.RequestCacheAwareFilter@544129bf, org.springframework.security.web.servletapi.SecurityContextHolderAwareRequestFilter@2ab43b0c, org.springframework.security.web.authentication.AnonymousAuthenticationFilter@5c27a1f5, org.springframework.security.web.session.SessionManagementFilter@257dc337, org.springframework.security.web.access.ExceptionTranslationFilter@2ba8d0b1, org.springframework.security.web.access.intercept.FilterSecurityInterceptor@59b1ca8d]
2020-08-13 16:38:51.486  INFO 7576 --- [    Test worker] o.s.b.t.m.w.SpringBootMockServletContext : Initializing Spring TestDispatcherServlet ''
2020-08-13 16:38:51.486  INFO 7576 --- [    Test worker] o.s.t.web.servlet.TestDispatcherServlet  : Initializing Servlet ''
2020-08-13 16:38:51.496  INFO 7576 --- [    Test worker] o.s.t.web.servlet.TestDispatcherServlet  : Completed initialization in 10 ms
2020-08-13 16:38:51.537  INFO 7576 --- [    Test worker] c.h.b.s.web.HelloControllerTest          : Started HelloControllerTest in 2.01 seconds (JVM running for 2.853)
]]></system-out>
  <system-err><![CDATA[]]></system-err>
</testsuite>
